[0709/171612.820:ERROR:minidumpwritedump_with_crashpad_info.cc(435)] Failed to call MiniDumpWriteDump: ReadProcessMemory 또는 WriteProcessMemory의 일부 작업만을 마쳤습니다. (0x8007012B)
[0709/171612.822:ERROR:minidumpwritedump_with_crashpad_info.cc(592)] Failed to write minidump file
[0709/171612.822:ERROR:crash_report_exception_handler.cc(132)] TryMiniDumpWriteDumpWithCrashpadInfo failed
[0709/171612.832:ERROR:process_memory_win.cc(73)] ReadMemory at 0x20113ce0000 of 64 bytes failed: ReadProcessMemory 또는 WriteProcessMemory의 일부 작업만을 마쳤습니다. (0x12B)
[0709/171612.832:WARNING:pe_image_reader.cc(340)] could not read dos header from C:\Windows\System32\NSI.dll
[0709/171612.832:ERROR:process_memory_win.cc(73)] ReadMemory at 0x201138c3810 of 72 bytes failed: ReadProcessMemory 또는 WriteProcessMemory의 일부 작업만을 마쳤습니다. (0x12B)
[0709/171612.832:WARNING:pe_image_annotations_reader.cc(134)] could not read annotations list object in C:\Program Files (x86)\Microsoft\Edge\Application\83.0.478.58\msedge_elf.dll
[0709/171612.832:ERROR:process_memory_win.cc(73)] ReadMemory at 0x20113e57c00 of 72 bytes failed: ReadProcessMemory 또는 WriteProcessMemory의 일부 작업만을 마쳤습니다. (0x12B)
[0709/171612.832:WARNING:pe_image_annotations_reader.cc(134)] could not read annotations list object in C:\Program Files (x86)\Microsoft\Edge\Application\83.0.478.58\msedge.dll
[0709/171612.833:ERROR:process_memory_win.cc(73)] ReadMemory at 0x20113ce0000 of 64 bytes failed: ReadProcessMemory 또는 WriteProcessMemory의 일부 작업만을 마쳤습니다. (0x12B)
[0709/171612.833:WARNING:pe_image_reader.cc(340)] could not read dos header from C:\Windows\System32\NSI.dll
[0709/171612.833:ERROR:process_memory_win.cc(73)] ReadMemory at 0x20113ce0000 of 64 bytes failed: ReadProcessMemory 또는 WriteProcessMemory의 일부 작업만을 마쳤습니다. (0x12B)
[0709/171612.833:WARNING:pe_image_reader.cc(340)] could not read dos header from C:\Windows\System32\NSI.dll
[0709/171612.915:ERROR:process_memory_win.cc(73)] ReadMemory at 0x7ff774d60000 of 64 bytes failed: ReadProcessMemory 또는 WriteProcessMemory의 일부 작업만을 마쳤습니다. (0x12B)
[0709/171612.916:WARNING:pe_image_reader.cc(340)] could not read dos header from C:\Program Files (x86)\Microsoft\Edge\Application\msedge.exe
[0709/171612.916:ERROR:process_memory_win.cc(73)] ReadMemory at 0x7fffb8940000 of 64 bytes failed: ReadProcessMemory 또는 WriteProcessMemory의 일부 작업만을 마쳤습니다. (0x12B)
[0709/171612.916:WARNING:pe_image_reader.cc(340)] could not read dos header from C:\Windows\SYSTEM32\ntdll.dll
[0709/171612.916:ERROR:process_memory_win.cc(73)] ReadMemory at 0x7fffb7d90000 of 64 bytes failed: ReadProcessMemory 또는 WriteProcessMemory의 일부 작업만을 마쳤습니다. (0x12B)
[0709/171612.916:WARNING:pe_image_reader.cc(340)] could not read dos header from C:\Windows\System32\KERNEL32.DLL
[0709/171612.916:ERROR:process_memory_win.cc(73)] ReadMemory at 0x7fffb5900000 of 64 bytes failed: ReadProcessMemory 또는 WriteProcessMemory의 일부 작업만을 마쳤습니다. (0x12B)
[0709/171612.916:WARNING:pe_image_reader.cc(340)] could not read dos header from C:\Windows\System32\KERNELBASE.dll
[0709/171612.916:ERROR:process_memory_win.cc(73)] ReadMemory at 0x7fff9bfb0000 of 64 bytes failed: ReadProcessMemory 또는 WriteProcessMemory의 일부 작업만을 마쳤습니다. (0x12B)
[0709/171612.916:WARNING:pe_image_reader.cc(340)] could not read dos header from C:\Program Files (x86)\Microsoft\Edge\Application\83.0.478.58\msedge_elf.dll
[0709/171612.916:ERROR:process_memory_win.cc(73)] ReadMemory at 0x7fffb61d0000 of 64 bytes failed: ReadProcessMemory 또는 WriteProcessMemory의 일부 작업만을 마쳤습니다. (0x12B)
[0709/171612.916:WARNING:pe_image_reader.cc(340)] could not read dos header from C:\Windows\System32\bcryptPrimitives.dll
[0709/171612.916:ERROR:process_memory_win.cc(73)] ReadMemory at 0x7fffb7460000 of 64 bytes failed: ReadProcessMemory 또는 WriteProcessMemory의 일부 작업만을 마쳤습니다. (0x12B)
[0709/171612.917:WARNING:pe_image_reader.cc(340)] could not read dos header from C:\Windows\System32\ADVAPI32.dll
[0709/171612.917:ERROR:process_memory_win.cc(73)] ReadMemory at 0x7fffb6bb0000 of 64 bytes failed: ReadProcessMemory 또는 WriteProcessMemory의 일부 작업만을 마쳤습니다. (0x12B)
[0709/171612.917:WARNING:pe_image_reader.cc(340)] could not read dos header from C:\Windows\System32\msvcrt.dll
[0709/171612.917:ERROR:process_memory_win.cc(73)] ReadMemory at 0x7fffb71c0000 of 64 bytes failed: ReadProcessMemory 또는 WriteProcessMemory의 일부 작업만을 마쳤습니다. (0x12B)
[0709/171612.917:WARNING:pe_image_reader.cc(340)] could not read dos header from C:\Windows\System32\sechost.dll
[0709/171612.917:ERROR:process_memory_win.cc(73)] ReadMemory at 0x7fffb7340000 of 64 bytes failed: ReadProcessMemory 또는 WriteProcessMemory의 일부 작업만을 마쳤습니다. (0x12B)
[0709/171612.917:WARNING:pe_image_reader.cc(340)] could not read dos header from C:\Windows\System32\RPCRT4.dll
[0709/171612.917:ERROR:process_memory_win.cc(73)] ReadMemory at 0x7fff4f030000 of 64 bytes failed: ReadProcessMemory 또는 WriteProcessMemory의 일부 작업만을 마쳤습니다. (0x12B)
[0709/171612.917:WARNING:pe_image_reader.cc(340)] could not read dos header from C:\Program Files (x86)\Microsoft\Edge\Application\83.0.478.58\msedge.dll
[0709/171612.917:ERROR:process_memory_win.cc(73)] ReadMemory at 0x7fffb7cc0000 of 64 bytes failed: ReadProcessMemory 또는 WriteProcessMemory의 일부 작업만을 마쳤습니다. (0x12B)
[0709/171612.917:WARNING:pe_image_reader.cc(340)] could not read dos header from C:\Windows\System32\WS2_32.dll
[0709/171612.917:ERROR:process_memory_win.cc(73)] ReadMemory at 0x7fffb69f0000 of 64 bytes failed: ReadProcessMemory 또는 WriteProcessMemory의 일부 작업만을 마쳤습니다. (0x12B)
[0709/171612.917:WARNING:pe_image_reader.cc(340)] could not read dos header from C:\Windows\System32\OLEAUT32.dll
[0709/171612.917:ERROR:process_memory_win.cc(73)] ReadMemory at 0x7fffb5c60000 of 64 bytes failed: ReadProcessMemory 또는 WriteProcessMemory의 일부 작업만을 마쳤습니다. (0x12B)
[0709/171612.917:WARNING:pe_image_reader.cc(340)] could not read dos header from C:\Windows\System32\msvcp_win.dll
[0709/171612.917:ERROR:process_memory_win.cc(73)] ReadMemory at 0x7fffb5d00000 of 64 bytes failed: ReadProcessMemory 또는 WriteProcessMemory의 일부 작업만을 마쳤습니다. (0x12B)
[0709/171612.917:WARNING:pe_image_reader.cc(340)] could not read dos header from C:\Windows\System32\ucrtbase.dll
[0709/171612.918:ERROR:process_memory_win.cc(73)] ReadMemory at 0x7fffb85a0000 of 64 bytes failed: ReadProcessMemory 또는 WriteProcessMemory의 일부 작업만을 마쳤습니다. (0x12B)
[0709/171612.918:WARNING:pe_image_reader.cc(340)] could not read dos header from C:\Windows\System32\combase.dll
[0709/171612.918:ERROR:process_memory_win.cc(73)] ReadMemory at 0x7fffb5c00000 of 64 bytes failed: ReadProcessMemory 또는 WriteProcessMemory의 일부 작업만을 마쳤습니다. (0x12B)
[0709/171612.918:WARNING:pe_image_reader.cc(340)] could not read dos header from C:\Windows\System32\WINTRUST.dll
[0709/171612.918:ERROR:process_memory_win.cc(73)] ReadMemory at 0x7fffb5860000 of 64 bytes failed: ReadProcessMemory 또는 WriteProcessMemory의 일부 작업만을 마쳤습니다. (0x12B)
[0709/171612.918:WARNING:pe_image_reader.cc(340)] could not read dos header from C:\Windows\System32\MSASN1.dll
[0709/171612.918:ERROR:process_memory_win.cc(73)] ReadMemory at 0x7fffb5e00000 of 64 bytes failed: ReadProcessMemory 또는 WriteProcessMemory의 일부 작업만을 마쳤습니다. (0x12B)
[0709/171612.918:WARNING:pe_image_reader.cc(340)] could not read dos header from C:\Windows\System32\CRYPT32.dll
[0709/171612.918:ERROR:process_memory_win.cc(73)] ReadMemory at 0x7fffb4d20000 of 64 bytes failed: ReadProcessMemory 또는 WriteProcessMemory의 일부 작업만을 마쳤습니다. (0x12B)
[0709/171612.918:WARNING:pe_image_reader.cc(340)] could not read dos header from C:\Windows\SYSTEM32\IPHLPAPI.DLL
[0709/171612.918:ERROR:process_memory_win.cc(73)] ReadMemory at 0x7fffac240000 of 64 bytes failed: ReadProcessMemory 또는 WriteProcessMemory의 일부 작업만을 마쳤습니다. (0x12B)
[0709/171612.918:WARNING:pe_image_reader.cc(340)] could not read dos header from C:\Windows\SYSTEM32\WINMM.dll
[0709/171612.918:ERROR:process_memory_win.cc(73)] ReadMemory at 0x7fffa84b0000 of 64 bytes failed: ReadProcessMemory 또는 WriteProcessMemory의 일부 작업만을 마쳤습니다. (0x12B)
[0709/171612.919:WARNING:pe_image_reader.cc(340)] could not read dos header from C:\Windows\SYSTEM32\Secur32.dll
[0709/171612.919:ERROR:process_memory_win.cc(73)] ReadMemory at 0x7fffb5720000 of 64 bytes failed: ReadProcessMemory 또는 WriteProcessMemory의 일부 작업만을 마쳤습니다. (0x12B)
[0709/171612.919:WARNING:pe_image_reader.cc(340)] could not read dos header from C:\Windows\SYSTEM32\USERENV.dll
[0709/171612.919:ERROR:process_memory_win.cc(73)] ReadMemory at 0x7fffb5830000 of 64 bytes failed: ReadProcessMemory 또는 WriteProcessMemory의 일부 작업만을 마쳤습니다. (0x12B)
[0709/171612.919:WARNING:pe_image_reader.cc(340)] could not read dos header from C:\Windows\System32\profapi.dll
[0709/171612.919:ERROR:process_memory_win.cc(73)] ReadMemory at 0x7fff92290000 of 64 bytes failed: ReadProcessMemory 또는 WriteProcessMemory의 일부 작업만을 마쳤습니다. (0x12B)
[0709/171612.919:WARNING:pe_image_reader.cc(340)] could not read dos header from C:\Windows\SYSTEM32\UIAutomationCore.DLL
[0709/171612.919:ERROR:process_memory_win.cc(73)] ReadMemory at 0x7fffb31b0000 of 64 bytes failed: ReadProcessMemory 또는 WriteProcessMemory의 일부 작업만을 마쳤습니다. (0x12B)
[0709/171612.919:WARNING:pe_image_reader.cc(340)] could not read dos header from C:\Windows\SYSTEM32\WINHTTP.dll
[0709/171612.919:ERROR:process_memory_win.cc(73)] ReadMemory at 0x7fff94ac0000 of 64 bytes failed: ReadProcessMemory 또는 WriteProcessMemory의 일부 작업만을 마쳤습니다. (0x12B)
[0709/171612.919:WARNING:pe_image_reader.cc(340)] could not read dos header from C:\Windows\SYSTEM32\DWrite.dll
[0709/171612.919:ERROR:process_memory_win.cc(73)] ReadMemory at 0x7fff92ed0000 of 64 bytes failed: ReadProcessMemory 또는 WriteProcessMemory의 일부 작업만을 마쳤습니다. (0x12B)
[0709/171612.920:WARNING:pe_image_reader.cc(340)] could not read dos header from C:\Windows\SYSTEM32\WINSPOOL.DRV
[0709/171612.920:ERROR:process_memory_win.cc(73)] ReadMemory at 0x7fffb5810000 of 64 bytes failed: ReadProcessMemory 또는 WriteProcessMemory의 일부 작업만을 마쳤습니다. (0x12B)
[0709/171612.920:WARNING:pe_image_reader.cc(340)] could not read dos header from C:\Windows\System32\kernel.appcore.dll
[0709/171612.920:ERROR:process_memory_win.cc(73)] ReadMemory at 0x7fffb60f0000 of 64 bytes failed: ReadProcessMemory 또는 WriteProcessMemory의 일부 작업만을 마쳤습니다. (0x12B)
[0709/171612.920:WARNING:pe_image_reader.cc(340)] could not read dos header from C:\Windows\System32\bcrypt.dll
[0709/171612.920:ERROR:process_memory_win.cc(73)] ReadMemory at 0x7fffb4190000 of 64 bytes failed: ReadProcessMemory 또는 WriteProcessMemory의 일부 작업만을 마쳤습니다. (0x12B)
[0709/171612.920:WARNING:pe_image_reader.cc(340)] could not read dos header from C:\Windows\SYSTEM32\dbghelp.dll
[0709/171612.920:ERROR:process_memory_win.cc(73)] ReadMemory at 0x7fffaec00000 of 64 bytes failed: ReadProcessMemory 또는 WriteProcessMemory의 일부 작업만을 마쳤습니다. (0x12B)
[0709/171612.920:WARNING:pe_image_reader.cc(340)] could not read dos header from C:\Windows\SYSTEM32\dhcpcsvc.DLL
[0709/171612.920:ERROR:process_memory_win.cc(73)] ReadMemory at 0x20113ce0000 of 64 bytes failed: ReadProcessMemory 또는 WriteProcessMemory의 일부 작업만을 마쳤습니다. (0x12B)
[0709/171612.920:WARNING:pe_image_reader.cc(340)] could not read dos header from C:\Windows\System32\NSI.dll
[0709/171612.921:ERROR:process_memory_win.cc(73)] ReadMemory at 0x7fffac210000 of 64 bytes failed: ReadProcessMemory 또는 WriteProcessMemory의 일부 작업만을 마쳤습니다. (0x12B)
[0709/171612.921:WARNING:pe_image_reader.cc(340)] could not read dos header from C:\Windows\SYSTEM32\WINMMBASE.dll
[0709/171612.921:ERROR:process_memory_win.cc(73)] ReadMemory at 0x7fffb5bb0000 of 64 bytes failed: ReadProcessMemory 또는 WriteProcessMemory의 일부 작업만을 마쳤습니다. (0x12B)
[0709/171612.921:WARNING:pe_image_reader.cc(340)] could not read dos header from C:\Windows\System32\cfgmgr32.dll
[0709/171612.921:ERROR:process_memory_win.cc(73)] ReadMemory at 0x7fffb30c0000 of 64 bytes failed: ReadProcessMemory 또는 WriteProcessMemory의 일부 작업만을 마쳤습니다. (0x12B)
[0709/171612.921:WARNING:pe_image_reader.cc(340)] could not read dos header from C:\Windows\SYSTEM32\PROPSYS.dll
[0709/171612.921:ERROR:process_memory_win.cc(73)] ReadMemory at 0x7fffb7110000 of 64 bytes failed: ReadProcessMemory 또는 WriteProcessMemory의 일부 작업만을 마쳤습니다. (0x12B)
[0709/171612.921:WARNING:pe_image_reader.cc(340)] could not read dos header from C:\Windows\System32\shcore.dll
[0709/171612.921:ERROR:process_memory_win.cc(73)] ReadMemory at 0x7fffb56f0000 of 64 bytes failed: ReadProcessMemory 또는 WriteProcessMemory의 일부 작업만을 마쳤습니다. (0x12B)
[0709/171612.921:WARNING:pe_image_reader.cc(340)] could not read dos header from C:\Windows\SYSTEM32\SSPICLI.DLL
[0709/171612.922:ERROR:process_memory_win.cc(73)] ReadMemory at 0x7fffb51e0000 of 64 bytes failed: ReadProcessMemory 또는 WriteProcessMemory의 일부 작업만을 마쳤습니다. (0x12B)
[0709/171612.923:WARNING:pe_image_reader.cc(340)] could not read dos header from C:\Windows\SYSTEM32\CRYPTBASE.DLL
[0709/171612.939:ERROR:process_memory_win.cc(73)] ReadMemory at 0x7ff774d60000 of 64 bytes failed: ReadProcessMemory 또는 WriteProcessMemory의 일부 작업만을 마쳤습니다. (0x12B)
[0709/171612.939:WARNING:pe_image_reader.cc(340)] could not read dos header from C:\Program Files (x86)\Microsoft\Edge\Application\msedge.exe
[0709/171612.939:ERROR:process_memory_win.cc(73)] ReadMemory at 0x7fffb8940000 of 64 bytes failed: ReadProcessMemory 또는 WriteProcessMemory의 일부 작업만을 마쳤습니다. (0x12B)
[0709/171612.939:WARNING:pe_image_reader.cc(340)] could not read dos header from C:\Windows\SYSTEM32\ntdll.dll
[0709/171612.939:ERROR:process_memory_win.cc(73)] ReadMemory at 0x7fffb7d90000 of 64 bytes failed: ReadProcessMemory 또는 WriteProcessMemory의 일부 작업만을 마쳤습니다. (0x12B)
[0709/171612.939:WARNING:pe_image_reader.cc(340)] could not read dos header from C:\Windows\System32\KERNEL32.DLL
[0709/171612.939:ERROR:process_memory_win.cc(73)] ReadMemory at 0x7fffb5900000 of 64 bytes failed: ReadProcessMemory 또는 WriteProcessMemory의 일부 작업만을 마쳤습니다. (0x12B)
[0709/171612.939:WARNING:pe_image_reader.cc(340)] could not read dos header from C:\Windows\System32\KERNELBASE.dll
[0709/171612.940:ERROR:process_memory_win.cc(73)] ReadMemory at 0x7fff9bfb0000 of 64 bytes failed: ReadProcessMemory 또는 WriteProcessMemory의 일부 작업만을 마쳤습니다. (0x12B)
[0709/171612.940:WARNING:pe_image_reader.cc(340)] could not read dos header from C:\Program Files (x86)\Microsoft\Edge\Application\83.0.478.58\msedge_elf.dll
[0709/171612.942:ERROR:process_memory_win.cc(73)] ReadMemory at 0x7fffb61d0000 of 64 bytes failed: ReadProcessMemory 또는 WriteProcessMemory의 일부 작업만을 마쳤습니다. (0x12B)
[0709/171612.942:WARNING:pe_image_reader.cc(340)] could not read dos header from C:\Windows\System32\bcryptPrimitives.dll
[0709/171612.942:ERROR:process_memory_win.cc(73)] ReadMemory at 0x7fffb7460000 of 64 bytes failed: ReadProcessMemory 또는 WriteProcessMemory의 일부 작업만을 마쳤습니다. (0x12B)
[0709/171612.942:WARNING:pe_image_reader.cc(340)] could not read dos header from C:\Windows\System32\ADVAPI32.dll
[0709/171612.943:ERROR:process_memory_win.cc(73)] ReadMemory at 0x7fffb6bb0000 of 64 bytes failed: ReadProcessMemory 또는 WriteProcessMemory의 일부 작업만을 마쳤습니다. (0x12B)
[0709/171612.944:WARNING:pe_image_reader.cc(340)] could not read dos header from C:\Windows\System32\msvcrt.dll
[0709/171612.944:ERROR:process_memory_win.cc(73)] ReadMemory at 0x7fffb71c0000 of 64 bytes failed: ReadProcessMemory 또는 WriteProcessMemory의 일부 작업만을 마쳤습니다. (0x12B)
[0709/171612.944:WARNING:pe_image_reader.cc(340)] could not read dos header from C:\Windows\System32\sechost.dll
[0709/171612.944:ERROR:process_memory_win.cc(73)] ReadMemory at 0x7fffb7340000 of 64 bytes failed: ReadProcessMemory 또는 WriteProcessMemory의 일부 작업만을 마쳤습니다. (0x12B)
[0709/171612.944:WARNING:pe_image_reader.cc(340)] could not read dos header from C:\Windows\System32\RPCRT4.dll
[0709/171612.944:ERROR:process_memory_win.cc(73)] ReadMemory at 0x7fff4f030000 of 64 bytes failed: ReadProcessMemory 또는 WriteProcessMemory의 일부 작업만을 마쳤습니다. (0x12B)
[0709/171612.944:WARNING:pe_image_reader.cc(340)] could not read dos header from C:\Program Files (x86)\Microsoft\Edge\Application\83.0.478.58\msedge.dll
[0709/171612.944:ERROR:process_memory_win.cc(73)] ReadMemory at 0x7fffb7cc0000 of 64 bytes failed: ReadProcessMemory 또는 WriteProcessMemory의 일부 작업만을 마쳤습니다. (0x12B)
[0709/171612.944:WARNING:pe_image_reader.cc(340)] could not read dos header from C:\Windows\System32\WS2_32.dll
[0709/171612.944:ERROR:process_memory_win.cc(73)] ReadMemory at 0x7fffb69f0000 of 64 bytes failed: ReadProcessMemory 또는 WriteProcessMemory의 일부 작업만을 마쳤습니다. (0x12B)
[0709/171612.945:WARNING:pe_image_reader.cc(340)] could not read dos header from C:\Windows\System32\OLEAUT32.dll
[0709/171612.945:ERROR:process_memory_win.cc(73)] ReadMemory at 0x7fffb5c60000 of 64 bytes failed: ReadProcessMemory 또는 WriteProcessMemory의 일부 작업만을 마쳤습니다. (0x12B)
[0709/171612.945:WARNING:pe_image_reader.cc(340)] could not read dos header from C:\Windows\System32\msvcp_win.dll
[0709/171612.945:ERROR:process_memory_win.cc(73)] ReadMemory at 0x7fffb5d00000 of 64 bytes failed: ReadProcessMemory 또는 WriteProcessMemory의 일부 작업만을 마쳤습니다. (0x12B)
[0709/171612.945:WARNING:pe_image_reader.cc(340)] could not read dos header from C:\Windows\System32\ucrtbase.dll
[0709/171612.945:ERROR:process_memory_win.cc(73)] ReadMemory at 0x7fffb85a0000 of 64 bytes failed: ReadProcessMemory 또는 WriteProcessMemory의 일부 작업만을 마쳤습니다. (0x12B)
[0709/171612.945:WARNING:pe_image_reader.cc(340)] could not read dos header from C:\Windows\System32\combase.dll
[0709/171612.945:ERROR:process_memory_win.cc(73)] ReadMemory at 0x7fffb5c00000 of 64 bytes failed: ReadProcessMemory 또는 WriteProcessMemory의 일부 작업만을 마쳤습니다. (0x12B)
[0709/171612.945:WARNING:pe_image_reader.cc(340)] could not read dos header from C:\Windows\System32\WINTRUST.dll
[0709/171612.945:ERROR:process_memory_win.cc(73)] ReadMemory at 0x7fffb5860000 of 64 bytes failed: ReadProcessMemory 또는 WriteProcessMemory의 일부 작업만을 마쳤습니다. (0x12B)
[0709/171612.945:WARNING:pe_image_reader.cc(340)] could not read dos header from C:\Windows\System32\MSASN1.dll
[0709/171612.946:ERROR:process_memory_win.cc(73)] ReadMemory at 0x7fffb5e00000 of 64 bytes failed: ReadProcessMemory 또는 WriteProcessMemory의 일부 작업만을 마쳤습니다. (0x12B)
[0709/171612.946:WARNING:pe_image_reader.cc(340)] could not read dos header from C:\Windows\System32\CRYPT32.dll
[0709/171612.946:ERROR:process_memory_win.cc(73)] ReadMemory at 0x7fffb4d20000 of 64 bytes failed: ReadProcessMemory 또는 WriteProcessMemory의 일부 작업만을 마쳤습니다. (0x12B)
[0709/171612.946:WARNING:pe_image_reader.cc(340)] could not read dos header from C:\Windows\SYSTEM32\IPHLPAPI.DLL
[0709/171612.946:ERROR:process_memory_win.cc(73)] ReadMemory at 0x7fffac240000 of 64 bytes failed: ReadProcessMemory 또는 WriteProcessMemory의 일부 작업만을 마쳤습니다. (0x12B)
[0709/171612.946:WARNING:pe_image_reader.cc(340)] could not read dos header from C:\Windows\SYSTEM32\WINMM.dll
[0709/171612.946:ERROR:process_memory_win.cc(73)] ReadMemory at 0x7fffa84b0000 of 64 bytes failed: ReadProcessMemory 또는 WriteProcessMemory의 일부 작업만을 마쳤습니다. (0x12B)
[0709/171612.946:WARNING:pe_image_reader.cc(340)] could not read dos header from C:\Windows\SYSTEM32\Secur32.dll
[0709/171612.946:ERROR:process_memory_win.cc(73)] ReadMemory at 0x7fffb5720000 of 64 bytes failed: ReadProcessMemory 또는 WriteProcessMemory의 일부 작업만을 마쳤습니다. (0x12B)
[0709/171612.946:WARNING:pe_image_reader.cc(340)] could not read dos header from C:\Windows\SYSTEM32\USERENV.dll
[0709/171612.946:ERROR:process_memory_win.cc(73)] ReadMemory at 0x7fffb5830000 of 64 bytes failed: ReadProcessMemory 또는 WriteProcessMemory의 일부 작업만을 마쳤습니다. (0x12B)
[0709/171612.946:WARNING:pe_image_reader.cc(340)] could not read dos header from C:\Windows\System32\profapi.dll
[0709/171612.947:ERROR:process_memory_win.cc(73)] ReadMemory at 0x7fff92290000 of 64 bytes failed: ReadProcessMemory 또는 WriteProcessMemory의 일부 작업만을 마쳤습니다. (0x12B)
[0709/171612.947:WARNING:pe_image_reader.cc(340)] could not read dos header from C:\Windows\SYSTEM32\UIAutomationCore.DLL
[0709/171612.947:ERROR:process_memory_win.cc(73)] ReadMemory at 0x7fffb31b0000 of 64 bytes failed: ReadProcessMemory 또는 WriteProcessMemory의 일부 작업만을 마쳤습니다. (0x12B)
[0709/171612.947:WARNING:pe_image_reader.cc(340)] could not read dos header from C:\Windows\SYSTEM32\WINHTTP.dll
[0709/171612.947:ERROR:process_memory_win.cc(73)] ReadMemory at 0x7fff94ac0000 of 64 bytes failed: ReadProcessMemory 또는 WriteProcessMemory의 일부 작업만을 마쳤습니다. (0x12B)
[0709/171612.947:WARNING:pe_image_reader.cc(340)] could not read dos header from C:\Windows\SYSTEM32\DWrite.dll
[0709/171612.947:ERROR:process_memory_win.cc(73)] ReadMemory at 0x7fff92ed0000 of 64 bytes failed: ReadProcessMemory 또는 WriteProcessMemory의 일부 작업만을 마쳤습니다. (0x12B)
[0709/171612.947:WARNING:pe_image_reader.cc(340)] could not read dos header from C:\Windows\SYSTEM32\WINSPOOL.DRV
[0709/171612.948:ERROR:process_memory_win.cc(73)] ReadMemory at 0x7fffb5810000 of 64 bytes failed: ReadProcessMemory 또는 WriteProcessMemory의 일부 작업만을 마쳤습니다. (0x12B)
[0709/171612.948:WARNING:pe_image_reader.cc(340)] could not read dos header from C:\Windows\System32\kernel.appcore.dll
[0709/171612.948:ERROR:process_memory_win.cc(73)] ReadMemory at 0x7fffb60f0000 of 64 bytes failed: ReadProcessMemory 또는 WriteProcessMemory의 일부 작업만을 마쳤습니다. (0x12B)
[0709/171612.948:WARNING:pe_image_reader.cc(340)] could not read dos header from C:\Windows\System32\bcrypt.dll
[0709/171612.948:ERROR:process_memory_win.cc(73)] ReadMemory at 0x7fffb4190000 of 64 bytes failed: ReadProcessMemory 또는 WriteProcessMemory의 일부 작업만을 마쳤습니다. (0x12B)
[0709/171612.948:WARNING:pe_image_reader.cc(340)] could not read dos header from C:\Windows\SYSTEM32\dbghelp.dll
[0709/171612.948:ERROR:process_memory_win.cc(73)] ReadMemory at 0x7fffaec00000 of 64 bytes failed: ReadProcessMemory 또는 WriteProcessMemory의 일부 작업만을 마쳤습니다. (0x12B)
[0709/171612.948:WARNING:pe_image_reader.cc(340)] could not read dos header from C:\Windows\SYSTEM32\dhcpcsvc.DLL
[0709/171612.949:ERROR:process_memory_win.cc(73)] ReadMemory at 0x20113ce0000 of 64 bytes failed: ReadProcessMemory 또는 WriteProcessMemory의 일부 작업만을 마쳤습니다. (0x12B)
[0709/171612.949:WARNING:pe_image_reader.cc(340)] could not read dos header from C:\Windows\System32\NSI.dll
[0709/171612.949:ERROR:process_memory_win.cc(73)] ReadMemory at 0x7fffac210000 of 64 bytes failed: ReadProcessMemory 또는 WriteProcessMemory의 일부 작업만을 마쳤습니다. (0x12B)
[0709/171612.949:WARNING:pe_image_reader.cc(340)] could not read dos header from C:\Windows\SYSTEM32\WINMMBASE.dll
[0709/171612.949:ERROR:process_memory_win.cc(73)] ReadMemory at 0x7fffb5bb0000 of 64 bytes failed: ReadProcessMemory 또는 WriteProcessMemory의 일부 작업만을 마쳤습니다. (0x12B)
[0709/171612.949:WARNING:pe_image_reader.cc(340)] could not read dos header from C:\Windows\System32\cfgmgr32.dll
[0709/171612.949:ERROR:process_memory_win.cc(73)] ReadMemory at 0x7fffb30c0000 of 64 bytes failed: ReadProcessMemory 또는 WriteProcessMemory의 일부 작업만을 마쳤습니다. (0x12B)
[0709/171612.949:WARNING:pe_image_reader.cc(340)] could not read dos header from C:\Windows\SYSTEM32\PROPSYS.dll
[0709/171612.949:ERROR:process_memory_win.cc(73)] ReadMemory at 0x7fffb7110000 of 64 bytes failed: ReadProcessMemory 또는 WriteProcessMemory의 일부 작업만을 마쳤습니다. (0x12B)
[0709/171612.949:WARNING:pe_image_reader.cc(340)] could not read dos header from C:\Windows\System32\shcore.dll
[0709/171612.949:ERROR:process_memory_win.cc(73)] ReadMemory at 0x7fffb56f0000 of 64 bytes failed: ReadProcessMemory 또는 WriteProcessMemory의 일부 작업만을 마쳤습니다. (0x12B)
[0709/171612.949:WARNING:pe_image_reader.cc(340)] could not read dos header from C:\Windows\SYSTEM32\SSPICLI.DLL
[0709/171612.949:ERROR:process_memory_win.cc(73)] ReadMemory at 0x7fffb51e0000 of 64 bytes failed: ReadProcessMemory 또는 WriteProcessMemory의 일부 작업만을 마쳤습니다. (0x12B)
[0709/171612.949:WARNING:pe_image_reader.cc(340)] could not read dos header from C:\Windows\SYSTEM32\CRYPTBASE.DLL
[0709/171612.949:ERROR:process_memory_win.cc(73)] ReadMemory at 0x7ff774d60000 of 64 bytes failed: ReadProcessMemory 또는 WriteProcessMemory의 일부 작업만을 마쳤습니다. (0x12B)
[0709/171612.950:WARNING:pe_image_reader.cc(340)] could not read dos header from C:\Program Files (x86)\Microsoft\Edge\Application\msedge.exe
[0709/171612.950:ERROR:process_memory_win.cc(73)] ReadMemory at 0x7fffb8940000 of 64 bytes failed: ReadProcessMemory 또는 WriteProcessMemory의 일부 작업만을 마쳤습니다. (0x12B)
[0709/171612.950:WARNING:pe_image_reader.cc(340)] could not read dos header from C:\Windows\SYSTEM32\ntdll.dll
[0709/171612.950:ERROR:process_memory_win.cc(73)] ReadMemory at 0x7fffb7d90000 of 64 bytes failed: ReadProcessMemory 또는 WriteProcessMemory의 일부 작업만을 마쳤습니다. (0x12B)
[0709/171612.950:WARNING:pe_image_reader.cc(340)] could not read dos header from C:\Windows\System32\KERNEL32.DLL
[0709/171612.950:ERROR:process_memory_win.cc(73)] ReadMemory at 0x7fffb5900000 of 64 bytes failed: ReadProcessMemory 또는 WriteProcessMemory의 일부 작업만을 마쳤습니다. (0x12B)
[0709/171612.950:WARNING:pe_image_reader.cc(340)] could not read dos header from C:\Windows\System32\KERNELBASE.dll
[0709/171612.950:ERROR:process_memory_win.cc(73)] ReadMemory at 0x7fff9bfb0000 of 64 bytes failed: ReadProcessMemory 또는 WriteProcessMemory의 일부 작업만을 마쳤습니다. (0x12B)
[0709/171612.950:WARNING:pe_image_reader.cc(340)] could not read dos header from C:\Program Files (x86)\Microsoft\Edge\Application\83.0.478.58\msedge_elf.dll
[0709/171612.950:ERROR:process_memory_win.cc(73)] ReadMemory at 0x7fffb61d0000 of 64 bytes failed: ReadProcessMemory 또는 WriteProcessMemory의 일부 작업만을 마쳤습니다. (0x12B)
[0709/171612.950:WARNING:pe_image_reader.cc(340)] could not read dos header from C:\Windows\System32\bcryptPrimitives.dll
[0709/171612.950:ERROR:process_memory_win.cc(73)] ReadMemory at 0x7fffb7460000 of 64 bytes failed: ReadProcessMemory 또는 WriteProcessMemory의 일부 작업만을 마쳤습니다. (0x12B)
[0709/171612.950:WARNING:pe_image_reader.cc(340)] could not read dos header from C:\Windows\System32\ADVAPI32.dll
[0709/171612.950:ERROR:process_memory_win.cc(73)] ReadMemory at 0x7fffb6bb0000 of 64 bytes failed: ReadProcessMemory 또는 WriteProcessMemory의 일부 작업만을 마쳤습니다. (0x12B)
[0709/171612.950:WARNING:pe_image_reader.cc(340)] could not read dos header from C:\Windows\System32\msvcrt.dll
[0709/171612.950:ERROR:process_memory_win.cc(73)] ReadMemory at 0x7fffb71c0000 of 64 bytes failed: ReadProcessMemory 또는 WriteProcessMemory의 일부 작업만을 마쳤습니다. (0x12B)
[0709/171612.950:WARNING:pe_image_reader.cc(340)] could not read dos header from C:\Windows\System32\sechost.dll
[0709/171612.950:ERROR:process_memory_win.cc(73)] ReadMemory at 0x7fffb7340000 of 64 bytes failed: ReadProcessMemory 또는 WriteProcessMemory의 일부 작업만을 마쳤습니다. (0x12B)
[0709/171612.950:WARNING:pe_image_reader.cc(340)] could not read dos header from C:\Windows\System32\RPCRT4.dll
[0709/171612.950:ERROR:process_memory_win.cc(73)] ReadMemory at 0x7fff4f030000 of 64 bytes failed: ReadProcessMemory 또는 WriteProcessMemory의 일부 작업만을 마쳤습니다. (0x12B)
[0709/171612.950:WARNING:pe_image_reader.cc(340)] could not read dos header from C:\Program Files (x86)\Microsoft\Edge\Application\83.0.478.58\msedge.dll
[0709/171612.950:ERROR:process_memory_win.cc(73)] ReadMemory at 0x7fffb7cc0000 of 64 bytes failed: ReadProcessMemory 또는 WriteProcessMemory의 일부 작업만을 마쳤습니다. (0x12B)
[0709/171612.950:WARNING:pe_image_reader.cc(340)] could not read dos header from C:\Windows\System32\WS2_32.dll
[0709/171612.950:ERROR:process_memory_win.cc(73)] ReadMemory at 0x7fffb69f0000 of 64 bytes failed: ReadProcessMemory 또는 WriteProcessMemory의 일부 작업만을 마쳤습니다. (0x12B)
[0709/171612.950:WARNING:pe_image_reader.cc(340)] could not read dos header from C:\Windows\System32\OLEAUT32.dll
[0709/171612.951:ERROR:process_memory_win.cc(73)] ReadMemory at 0x7fffb5c60000 of 64 bytes failed: ReadProcessMemory 또는 WriteProcessMemory의 일부 작업만을 마쳤습니다. (0x12B)
[0709/171612.951:WARNING:pe_image_reader.cc(340)] could not read dos header from C:\Windows\System32\msvcp_win.dll
[0709/171612.951:ERROR:process_memory_win.cc(73)] ReadMemory at 0x7fffb5d00000 of 64 bytes failed: ReadProcessMemory 또는 WriteProcessMemory의 일부 작업만을 마쳤습니다. (0x12B)
[0709/171612.951:WARNING:pe_image_reader.cc(340)] could not read dos header from C:\Windows\System32\ucrtbase.dll
[0709/171612.951:ERROR:process_memory_win.cc(73)] ReadMemory at 0x7fffb85a0000 of 64 bytes failed: ReadProcessMemory 또는 WriteProcessMemory의 일부 작업만을 마쳤습니다. (0x12B)
[0709/171612.951:WARNING:pe_image_reader.cc(340)] could not read dos header from C:\Windows\System32\combase.dll
[0709/171612.952:ERROR:process_memory_win.cc(73)] ReadMemory at 0x7fffb5c00000 of 64 bytes failed: ReadProcessMemory 또는 WriteProcessMemory의 일부 작업만을 마쳤습니다. (0x12B)
[0709/171612.953:WARNING:pe_image_reader.cc(340)] could not read dos header from C:\Windows\System32\WINTRUST.dll
[0709/171612.953:ERROR:process_memory_win.cc(73)] ReadMemory at 0x7fffb5860000 of 64 bytes failed: ReadProcessMemory 또는 WriteProcessMemory의 일부 작업만을 마쳤습니다. (0x12B)
[0709/171612.954:WARNING:pe_image_reader.cc(340)] could not read dos header from C:\Windows\System32\MSASN1.dll
[0709/171612.954:ERROR:process_memory_win.cc(73)] ReadMemory at 0x7fffb5e00000 of 64 bytes failed: ReadProcessMemory 또는 WriteProcessMemory의 일부 작업만을 마쳤습니다. (0x12B)
[0709/171612.954:WARNING:pe_image_reader.cc(340)] could not read dos header from C:\Windows\System32\CRYPT32.dll
[0709/171612.954:ERROR:process_memory_win.cc(73)] ReadMemory at 0x7fffb4d20000 of 64 bytes failed: ReadProcessMemory 또는 WriteProcessMemory의 일부 작업만을 마쳤습니다. (0x12B)
[0709/171612.954:WARNING:pe_image_reader.cc(340)] could not read dos header from C:\Windows\SYSTEM32\IPHLPAPI.DLL
[0709/171612.954:ERROR:process_memory_win.cc(73)] ReadMemory at 0x7fffac240000 of 64 bytes failed: ReadProcessMemory 또는 WriteProcessMemory의 일부 작업만을 마쳤습니다. (0x12B)
[0709/171612.954:WARNING:pe_image_reader.cc(340)] could not read dos header from C:\Windows\SYSTEM32\WINMM.dll
[0709/171612.954:ERROR:process_memory_win.cc(73)] ReadMemory at 0x7fffa84b0000 of 64 bytes failed: ReadProcessMemory 또는 WriteProcessMemory의 일부 작업만을 마쳤습니다. (0x12B)
[0709/171612.954:WARNING:pe_image_reader.cc(340)] could not read dos header from C:\Windows\SYSTEM32\Secur32.dll
[0709/171612.954:ERROR:process_memory_win.cc(73)] ReadMemory at 0x7fffb5720000 of 64 bytes failed: ReadProcessMemory 또는 WriteProcessMemory의 일부 작업만을 마쳤습니다. (0x12B)
[0709/171612.954:WARNING:pe_image_reader.cc(340)] could not read dos header from C:\Windows\SYSTEM32\USERENV.dll
[0709/171612.954:ERROR:process_memory_win.cc(73)] ReadMemory at 0x7fffb5830000 of 64 bytes failed: ReadProcessMemory 또는 WriteProcessMemory의 일부 작업만을 마쳤습니다. (0x12B)
[0709/171612.955:WARNING:pe_image_reader.cc(340)] could not read dos header from C:\Windows\System32\profapi.dll
[0709/171612.955:ERROR:process_memory_win.cc(73)] ReadMemory at 0x7fff92290000 of 64 bytes failed: ReadProcessMemory 또는 WriteProcessMemory의 일부 작업만을 마쳤습니다. (0x12B)
[0709/171612.955:WARNING:pe_image_reader.cc(340)] could not read dos header from C:\Windows\SYSTEM32\UIAutomationCore.DLL
[0709/171612.955:ERROR:process_memory_win.cc(73)] ReadMemory at 0x7fffb31b0000 of 64 bytes failed: ReadProcessMemory 또는 WriteProcessMemory의 일부 작업만을 마쳤습니다. (0x12B)
[0709/171612.955:WARNING:pe_image_reader.cc(340)] could not read dos header from C:\Windows\SYSTEM32\WINHTTP.dll
[0709/171612.958:ERROR:process_memory_win.cc(73)] ReadMemory at 0x7fff94ac0000 of 64 bytes failed: ReadProcessMemory 또는 WriteProcessMemory의 일부 작업만을 마쳤습니다. (0x12B)
[0709/171612.960:WARNING:pe_image_reader.cc(340)] could not read dos header from C:\Windows\SYSTEM32\DWrite.dll
[0709/171612.960:ERROR:process_memory_win.cc(73)] ReadMemory at 0x7fff92ed0000 of 64 bytes failed: ReadProcessMemory 또는 WriteProcessMemory의 일부 작업만을 마쳤습니다. (0x12B)
[0709/171612.960:WARNING:pe_image_reader.cc(340)] could not read dos header from C:\Windows\SYSTEM32\WINSPOOL.DRV
[0709/171612.960:ERROR:process_memory_win.cc(73)] ReadMemory at 0x7fffb5810000 of 64 bytes failed: ReadProcessMemory 또는 WriteProcessMemory의 일부 작업만을 마쳤습니다. (0x12B)
[0709/171612.960:WARNING:pe_image_reader.cc(340)] could not read dos header from C:\Windows\System32\kernel.appcore.dll
[0709/171612.960:ERROR:process_memory_win.cc(73)] ReadMemory at 0x7fffb60f0000 of 64 bytes failed: ReadProcessMemory 또는 WriteProcessMemory의 일부 작업만을 마쳤습니다. (0x12B)
[0709/171612.960:WARNING:pe_image_reader.cc(340)] could not read dos header from C:\Windows\System32\bcrypt.dll
[0709/171612.960:ERROR:process_memory_win.cc(73)] ReadMemory at 0x7fffb4190000 of 64 bytes failed: ReadProcessMemory 또는 WriteProcessMemory의 일부 작업만을 마쳤습니다. (0x12B)
[0709/171612.960:WARNING:pe_image_reader.cc(340)] could not read dos header from C:\Windows\SYSTEM32\dbghelp.dll
[0709/171612.960:ERROR:process_memory_win.cc(73)] ReadMemory at 0x7fffaec00000 of 64 bytes failed: ReadProcessMemory 또는 WriteProcessMemory의 일부 작업만을 마쳤습니다. (0x12B)
[0709/171612.961:WARNING:pe_image_reader.cc(340)] could not read dos header from C:\Windows\SYSTEM32\dhcpcsvc.DLL
[0709/171612.961:ERROR:process_memory_win.cc(73)] ReadMemory at 0x20113ce0000 of 64 bytes failed: ReadProcessMemory 또는 WriteProcessMemory의 일부 작업만을 마쳤습니다. (0x12B)
[0709/171612.961:WARNING:pe_image_reader.cc(340)] could not read dos header from C:\Windows\System32\NSI.dll
[0709/171612.961:ERROR:process_memory_win.cc(73)] ReadMemory at 0x7fffac210000 of 64 bytes failed: ReadProcessMemory 또는 WriteProcessMemory의 일부 작업만을 마쳤습니다. (0x12B)
[0709/171612.961:WARNING:pe_image_reader.cc(340)] could not read dos header from C:\Windows\SYSTEM32\WINMMBASE.dll
[0709/171612.961:ERROR:process_memory_win.cc(73)] ReadMemory at 0x7fffb5bb0000 of 64 bytes failed: ReadProcessMemory 또는 WriteProcessMemory의 일부 작업만을 마쳤습니다. (0x12B)
[0709/171612.961:WARNING:pe_image_reader.cc(340)] could not read dos header from C:\Windows\System32\cfgmgr32.dll
[0709/171612.962:ERROR:process_memory_win.cc(73)] ReadMemory at 0x7fffb30c0000 of 64 bytes failed: ReadProcessMemory 또는 WriteProcessMemory의 일부 작업만을 마쳤습니다. (0x12B)
[0709/171612.962:WARNING:pe_image_reader.cc(340)] could not read dos header from C:\Windows\SYSTEM32\PROPSYS.dll
[0709/171612.962:ERROR:process_memory_win.cc(73)] ReadMemory at 0x7fffb7110000 of 64 bytes failed: ReadProcessMemory 또는 WriteProcessMemory의 일부 작업만을 마쳤습니다. (0x12B)
[0709/171612.962:WARNING:pe_image_reader.cc(340)] could not read dos header from C:\Windows\System32\shcore.dll
[0709/171612.962:ERROR:process_memory_win.cc(73)] ReadMemory at 0x7fffb56f0000 of 64 bytes failed: ReadProcessMemory 또는 WriteProcessMemory의 일부 작업만을 마쳤습니다. (0x12B)
[0709/171612.962:WARNING:pe_image_reader.cc(340)] could not read dos header from C:\Windows\SYSTEM32\SSPICLI.DLL
[0709/171612.962:ERROR:process_memory_win.cc(73)] ReadMemory at 0x7fffb51e0000 of 64 bytes failed: ReadProcessMemory 또는 WriteProcessMemory의 일부 작업만을 마쳤습니다. (0x12B)
[0709/171612.962:WARNING:pe_image_reader.cc(340)] could not read dos header from C:\Windows\SYSTEM32\CRYPTBASE.DLL
[0709/171612.999:ERROR:process_memory_win.cc(73)] ReadMemory at 0xd1105eb000 of 86016 bytes failed: ReadProcessMemory 또는 WriteProcessMemory의 일부 작업만을 마쳤습니다. (0x12B)
[0709/171612.999:ERROR:process_memory_win.cc(73)] ReadMemory at 0xd110dfe000 of 8192 bytes failed: ReadProcessMemory 또는 WriteProcessMemory의 일부 작업만을 마쳤습니다. (0x12B)
[0709/171612.999:ERROR:process_memory_win.cc(73)] ReadMemory at 0xd1115fd000 of 12288 bytes failed: ReadProcessMemory 또는 WriteProcessMemory의 일부 작업만을 마쳤습니다. (0x12B)
[0709/171612.999:ERROR:process_memory_win.cc(73)] ReadMemory at 0xd111dfc000 of 16384 bytes failed: ReadProcessMemory 또는 WriteProcessMemory의 일부 작업만을 마쳤습니다. (0x12B)
[0709/171612.999:ERROR:process_memory_win.cc(73)] ReadMemory at 0xd1125fc000 of 16384 bytes failed: ReadProcessMemory 또는 WriteProcessMemory의 일부 작업만을 마쳤습니다. (0x12B)
[0709/171612.999:ERROR:process_memory_win.cc(73)] ReadMemory at 0xd112dfc000 of 16384 bytes failed: ReadProcessMemory 또는 WriteProcessMemory의 일부 작업만을 마쳤습니다. (0x12B)
[0709/171613.000:ERROR:process_memory_win.cc(73)] ReadMemory at 0xd1135fd000 of 12288 bytes failed: ReadProcessMemory 또는 WriteProcessMemory의 일부 작업만을 마쳤습니다. (0x12B)
[0709/171613.000:ERROR:process_memory_win.cc(73)] ReadMemory at 0xd113dfb000 of 20480 bytes failed: ReadProcessMemory 또는 WriteProcessMemory의 일부 작업만을 마쳤습니다. (0x12B)
[0709/171613.000:ERROR:process_memory_win.cc(73)] ReadMemory at 0xd114dfd000 of 12288 bytes failed: ReadProcessMemory 또는 WriteProcessMemory의 일부 작업만을 마쳤습니다. (0x12B)
[0709/171613.000:ERROR:process_memory_win.cc(73)] ReadMemory at 0xd1155f6000 of 40960 bytes failed: ReadProcessMemory 또는 WriteProcessMemory의 일부 작업만을 마쳤습니다. (0x12B)
[0709/171613.000:ERROR:process_memory_win.cc(73)] ReadMemory at 0xd115df5000 of 45056 bytes failed: ReadProcessMemory 또는 WriteProcessMemory의 일부 작업만을 마쳤습니다. (0x12B)
[0709/171613.000:ERROR:process_memory_win.cc(73)] ReadMemory at 0xd1165f6000 of 40960 bytes failed: ReadProcessMemory 또는 WriteProcessMemory의 일부 작업만을 마쳤습니다. (0x12B)
[0709/171613.001:ERROR:process_memory_win.cc(73)] ReadMemory at 0xd116df6000 of 40960 bytes failed: ReadProcessMemory 또는 WriteProcessMemory의 일부 작업만을 마쳤습니다. (0x12B)
[0709/171613.001:ERROR:process_memory_win.cc(73)] ReadMemory at 0xd1175fd000 of 12288 bytes failed: ReadProcessMemory 또는 WriteProcessMemory의 일부 작업만을 마쳤습니다. (0x12B)
[0709/171613.001:ERROR:process_memory_win.cc(73)] ReadMemory at 0xd117dfd000 of 12288 bytes failed: ReadProcessMemory 또는 WriteProcessMemory의 일부 작업만을 마쳤습니다. (0x12B)
[0709/171613.001:ERROR:process_memory_win.cc(73)] ReadMemory at 0xd119dfd000 of 12288 bytes failed: ReadProcessMemory 또는 WriteProcessMemory의 일부 작업만을 마쳤습니다. (0x12B)
[0709/171613.001:ERROR:process_memory_win.cc(73)] ReadMemory at 0xd11a5f9000 of 28672 bytes failed: ReadProcessMemory 또는 WriteProcessMemory의 일부 작업만을 마쳤습니다. (0x12B)
[0709/171613.002:ERROR:process_memory_win.cc(73)] ReadMemory at 0xd11adf9000 of 28672 bytes failed: ReadProcessMemory 또는 WriteProcessMemory의 일부 작업만을 마쳤습니다. (0x12B)
[0709/171613.002:ERROR:process_memory_win.cc(73)] ReadMemory at 0xd1145fd000 of 12288 bytes failed: ReadProcessMemory 또는 WriteProcessMemory의 일부 작업만을 마쳤습니다. (0x12B)
[0709/171613.002:ERROR:process_memory_win.cc(73)] ReadMemory at 0xd1185fd000 of 12288 bytes failed: ReadProcessMemory 또는 WriteProcessMemory의 일부 작업만을 마쳤습니다. (0x12B)
[0709/171613.002:ERROR:process_memory_win.cc(73)] ReadMemory at 0xd118dfd000 of 12288 bytes failed: ReadProcessMemory 또는 WriteProcessMemory의 일부 작업만을 마쳤습니다. (0x12B)
[0709/171613.002:ERROR:process_memory_win.cc(73)] ReadMemory at 0xd1195fd000 of 12288 bytes failed: ReadProcessMemory 또는 WriteProcessMemory의 일부 작업만을 마쳤습니다. (0x12B)
[0709/171613.002:ERROR:process_memory_win.cc(73)] ReadMemory at 0xd11b5fd000 of 12288 bytes failed: ReadProcessMemory 또는 WriteProcessMemory의 일부 작업만을 마쳤습니다. (0x12B)
[0709/171613.002:ERROR:process_memory_win.cc(73)] ReadMemory at 0xd10fd01000 of 852 bytes failed: ReadProcessMemory 또는 WriteProcessMemory의 일부 작업만을 마쳤습니다. (0x12B)
[0709/171613.002:ERROR:process_memory_win.cc(73)] ReadMemory at 0xd10fd02000 of 6024 bytes failed: ReadProcessMemory 또는 WriteProcessMemory의 일부 작업만을 마쳤습니다. (0x12B)
[0709/171613.003:ERROR:process_memory_win.cc(73)] ReadMemory at 0xd10fd04000 of 6024 bytes failed: ReadProcessMemory 또는 WriteProcessMemory의 일부 작업만을 마쳤습니다. (0x12B)
[0709/171613.003:ERROR:process_memory_win.cc(73)] ReadMemory at 0xd10fd06000 of 6024 bytes failed: ReadProcessMemory 또는 WriteProcessMemory의 일부 작업만을 마쳤습니다. (0x12B)
[0709/171613.003:ERROR:process_memory_win.cc(73)] ReadMemory at 0xd10fd08000 of 6024 bytes failed: ReadProcessMemory 또는 WriteProcessMemory의 일부 작업만을 마쳤습니다. (0x12B)
[0709/171613.003:ERROR:process_memory_win.cc(73)] ReadMemory at 0xd10fd0a000 of 6024 bytes failed: ReadProcessMemory 또는 WriteProcessMemory의 일부 작업만을 마쳤습니다. (0x12B)
[0709/171613.003:ERROR:process_memory_win.cc(73)] ReadMemory at 0xd10fd0c000 of 6024 bytes failed: ReadProcessMemory 또는 WriteProcessMemory의 일부 작업만을 마쳤습니다. (0x12B)
[0709/171613.003:ERROR:process_memory_win.cc(73)] ReadMemory at 0xd10fd0e000 of 6024 bytes failed: ReadProcessMemory 또는 WriteProcessMemory의 일부 작업만을 마쳤습니다. (0x12B)
[0709/171613.003:ERROR:process_memory_win.cc(73)] ReadMemory at 0xd10fd10000 of 6024 bytes failed: ReadProcessMemory 또는 WriteProcessMemory의 일부 작업만을 마쳤습니다. (0x12B)
[0709/171613.003:ERROR:process_memory_win.cc(73)] ReadMemory at 0xd10fd14000 of 6024 bytes failed: ReadProcessMemory 또는 WriteProcessMemory의 일부 작업만을 마쳤습니다. (0x12B)
[0709/171613.003:ERROR:process_memory_win.cc(73)] ReadMemory at 0xd10fd16000 of 6024 bytes failed: ReadProcessMemory 또는 WriteProcessMemory의 일부 작업만을 마쳤습니다. (0x12B)
[0709/171613.004:ERROR:process_memory_win.cc(73)] ReadMemory at 0xd10fd18000 of 6024 bytes failed: ReadProcessMemory 또는 WriteProcessMemory의 일부 작업만을 마쳤습니다. (0x12B)
[0709/171613.004:ERROR:process_memory_win.cc(73)] ReadMemory at 0xd10fd1a000 of 6024 bytes failed: ReadProcessMemory 또는 WriteProcessMemory의 일부 작업만을 마쳤습니다. (0x12B)
[0709/171613.004:ERROR:process_memory_win.cc(73)] ReadMemory at 0xd10fd1c000 of 6024 bytes failed: ReadProcessMemory 또는 WriteProcessMemory의 일부 작업만을 마쳤습니다. (0x12B)
[0709/171613.004:ERROR:process_memory_win.cc(73)] ReadMemory at 0xd10fd1e000 of 6024 bytes failed: ReadProcessMemory 또는 WriteProcessMemory의 일부 작업만을 마쳤습니다. (0x12B)
[0709/171613.004:ERROR:process_memory_win.cc(73)] ReadMemory at 0xd10fd20000 of 6024 bytes failed: ReadProcessMemory 또는 WriteProcessMemory의 일부 작업만을 마쳤습니다. (0x12B)
[0709/171613.004:ERROR:process_memory_win.cc(73)] ReadMemory at 0xd10fd28000 of 6024 bytes failed: ReadProcessMemory 또는 WriteProcessMemory의 일부 작업만을 마쳤습니다. (0x12B)
[0709/171613.004:ERROR:process_memory_win.cc(73)] ReadMemory at 0xd10fd2a000 of 6024 bytes failed: ReadProcessMemory 또는 WriteProcessMemory의 일부 작업만을 마쳤습니다. (0x12B)
[0709/171613.004:ERROR:process_memory_win.cc(73)] ReadMemory at 0xd10fd2c000 of 6024 bytes failed: ReadProcessMemory 또는 WriteProcessMemory의 일부 작업만을 마쳤습니다. (0x12B)
[0709/171613.004:ERROR:process_memory_win.cc(73)] ReadMemory at 0xd10fd32000 of 6024 bytes failed: ReadProcessMemory 또는 WriteProcessMemory의 일부 작업만을 마쳤습니다. (0x12B)
[0709/171613.005:ERROR:process_memory_win.cc(73)] ReadMemory at 0xd10fd34000 of 6024 bytes failed: ReadProcessMemory 또는 WriteProcessMemory의 일부 작업만을 마쳤습니다. (0x12B)
[0709/171613.005:ERROR:process_memory_win.cc(73)] ReadMemory at 0xd10fd36000 of 6024 bytes failed: ReadProcessMemory 또는 WriteProcessMemory의 일부 작업만을 마쳤습니다. (0x12B)
[0709/171613.005:ERROR:process_memory_win.cc(73)] ReadMemory at 0xd10fd38000 of 6024 bytes failed: ReadProcessMemory 또는 WriteProcessMemory의 일부 작업만을 마쳤습니다. (0x12B)
[0709/171613.005:ERROR:process_memory_win.cc(73)] ReadMemory at 0xd10fd3a000 of 6024 bytes failed: ReadProcessMemory 또는 WriteProcessMemory의 일부 작업만을 마쳤습니다. (0x12B)
[0709/171613.005:ERROR:process_memory_win.cc(73)] ReadMemory at 0x201135802c0 of 40 bytes failed: ReadProcessMemory 또는 WriteProcessMemory의 일부 작업만을 마쳤습니다. (0x12B)
[0709/171613.006:ERROR:process_memory_win.cc(73)] ReadMemory at 0x201135902c0 of 40 bytes failed: ReadProcessMemory 또는 WriteProcessMemory의 일부 작업만을 마쳤습니다. (0x12B)
[0709/171613.006:ERROR:process_memory_win.cc(73)] ReadMemory at 0x201136f02c0 of 40 bytes failed: ReadProcessMemory 또는 WriteProcessMemory의 일부 작업만을 마쳤습니다. (0x12B)
[0709/171613.006:ERROR:process_memory_win.cc(73)] ReadMemory at 0x201136f0fe0 of 4958 bytes failed: ReadProcessMemory 또는 WriteProcessMemory의 일부 작업만을 마쳤습니다. (0x12B)
[0709/171613.006:ERROR:process_memory_win.cc(73)] ReadMemory at 0x201136f2350 of 1012 bytes failed: ReadProcessMemory 또는 WriteProcessMemory의 일부 작업만을 마쳤습니다. (0x12B)
[0709/171613.006:ERROR:process_memory_win.cc(73)] ReadMemory at 0x201136f2998 of 120 bytes failed: ReadProcessMemory 또는 WriteProcessMemory의 일부 작업만을 마쳤습니다. (0x12B)
[0709/171613.006:ERROR:process_memory_win.cc(73)] ReadMemory at 0x201136f2a12 of 836 bytes failed: ReadProcessMemory 또는 WriteProcessMemory의 일부 작업만을 마쳤습니다. (0x12B)
[0709/171613.006:ERROR:process_memory_win.cc(73)] ReadMemory at 0x201136f2d58 of 120 bytes failed: ReadProcessMemory 또는 WriteProcessMemory의 일부 작업만을 마쳤습니다. (0x12B)
[0709/171613.007:ERROR:process_memory_win.cc(73)] ReadMemory at 0x201136f2dd2 of 102 bytes failed: ReadProcessMemory 또는 WriteProcessMemory의 일부 작업만을 마쳤습니다. (0x12B)
[0709/171613.008:ERROR:process_memory_win.cc(73)] ReadMemory at 0x201136f2e50 of 58 bytes failed: ReadProcessMemory 또는 WriteProcessMemory의 일부 작업만을 마쳤습니다. (0x12B)
[0709/171613.010:ERROR:process_memory_win.cc(73)] ReadMemory at 0x201136f2f50 of 132 bytes failed: ReadProcessMemory 또는 WriteProcessMemory의 일부 작업만을 마쳤습니다. (0x12B)
[0709/171613.010:ERROR:process_memory_win.cc(73)] ReadMemory at 0x201136f30e0 of 132 bytes failed: ReadProcessMemory 또는 WriteProcessMemory의 일부 작업만을 마쳤습니다. (0x12B)
[0709/171613.011:ERROR:process_memory_win.cc(73)] ReadMemory at 0x201136f3680 of 132 bytes failed: ReadProcessMemory 또는 WriteProcessMemory의 일부 작업만을 마쳤습니다. (0x12B)
[0709/171613.011:ERROR:process_memory_win.cc(73)] ReadMemory at 0x201136f3810 of 64 bytes failed: ReadProcessMemory 또는 WriteProcessMemory의 일부 작업만을 마쳤습니다. (0x12B)
[0709/171613.011:ERROR:process_memory_win.cc(73)] ReadMemory at 0x201136f3860 of 132 bytes failed: ReadProcessMemory 또는 WriteProcessMemory의 일부 작업만을 마쳤습니다. (0x12B)
[0709/171613.012:ERROR:process_memory_win.cc(73)] ReadMemory at 0x201136f3bc0 of 152 bytes failed: ReadProcessMemory 또는 WriteProcessMemory의 일부 작업만을 마쳤습니다. (0x12B)
[0709/171613.012:ERROR:process_memory_win.cc(73)] ReadMemory at 0x201136f3c70 of 132 bytes failed: ReadProcessMemory 또는 WriteProcessMemory의 일부 작업만을 마쳤습니다. (0x12B)
[0709/171613.012:ERROR:process_memory_win.cc(73)] ReadMemory at 0x201136f3e00 of 68 bytes failed: ReadProcessMemory 또는 WriteProcessMemory의 일부 작업만을 마쳤습니다. (0x12B)
[0709/171613.012:ERROR:process_memory_win.cc(73)] ReadMemory at 0x201136f4db0 of 132 bytes failed: ReadProcessMemory 또는 WriteProcessMemory의 일부 작업만을 마쳤습니다. (0x12B)
[0709/171613.012:ERROR:process_memory_win.cc(73)] ReadMemory at 0x201136f5b7a of 512 bytes failed: ReadProcessMemory 또는 WriteProcessMemory의 일부 작업만을 마쳤습니다. (0x12B)
[0709/171613.012:ERROR:process_memory_win.cc(73)] ReadMemory at 0x201136f6920 of 132 bytes failed: ReadProcessMemory 또는 WriteProcessMemory의 일부 작업만을 마쳤습니다. (0x12B)
[0709/171613.012:ERROR:process_memory_win.cc(73)] ReadMemory at 0x201136f6b40 of 132 bytes failed: ReadProcessMemory 또는 WriteProcessMemory의 일부 작업만을 마쳤습니다. (0x12B)
[0709/171613.013:ERROR:process_memory_win.cc(73)] ReadMemory at 0x201136f6bf0 of 512 bytes failed: ReadProcessMemory 또는 WriteProcessMemory의 일부 작업만을 마쳤습니다. (0x12B)
[0709/171613.013:ERROR:process_memory_win.cc(73)] ReadMemory at 0x201136f6ea0 of 132 bytes failed: ReadProcessMemory 또는 WriteProcessMemory의 일부 작업만을 마쳤습니다. (0x12B)
[0709/171613.013:ERROR:process_memory_win.cc(73)] ReadMemory at 0x201136f70b0 of 132 bytes failed: ReadProcessMemory 또는 WriteProcessMemory의 일부 작업만을 마쳤습니다. (0x12B)
[0709/171613.013:ERROR:process_memory_win.cc(73)] ReadMemory at 0x201136f7390 of 132 bytes failed: ReadProcessMemory 또는 WriteProcessMemory의 일부 작업만을 마쳤습니다. (0x12B)
[0709/171613.013:ERROR:process_memory_win.cc(73)] ReadMemory at 0x201136f74f0 of 124 bytes failed: ReadProcessMemory 또는 WriteProcessMemory의 일부 작업만을 마쳤습니다. (0x12B)
[0709/171613.013:ERROR:process_memory_win.cc(73)] ReadMemory at 0x201136fa8b0 of 132 bytes failed: ReadProcessMemory 또는 WriteProcessMemory의 일부 작업만을 마쳤습니다. (0x12B)
[0709/171613.013:ERROR:process_memory_win.cc(73)] ReadMemory at 0x201136faa40 of 80 bytes failed: ReadProcessMemory 또는 WriteProcessMemory의 일부 작업만을 마쳤습니다. (0x12B)
[0709/171613.013:ERROR:process_memory_win.cc(73)] ReadMemory at 0x201136fac00 of 64 bytes failed: ReadProcessMemory 또는 WriteProcessMemory의 일부 작업만을 마쳤습니다. (0x12B)
[0709/171613.013:ERROR:process_memory_win.cc(73)] ReadMemory at 0x201136fac50 of 66 bytes failed: ReadProcessMemory 또는 WriteProcessMemory의 일부 작업만을 마쳤습니다. (0x12B)
[0709/171613.014:ERROR:process_memory_win.cc(73)] ReadMemory at 0x201136faca0 of 60 bytes failed: ReadProcessMemory 또는 WriteProcessMemory의 일부 작업만을 마쳤습니다. (0x12B)
[0709/171613.014:ERROR:process_memory_win.cc(73)] ReadMemory at 0x201136faed0 of 60 bytes failed: ReadProcessMemory 또는 WriteProcessMemory의 일부 작업만을 마쳤습니다. (0x12B)
[0709/171613.014:ERROR:process_memory_win.cc(73)] ReadMemory at 0x201136faf20 of 64 bytes failed: ReadProcessMemory 또는 WriteProcessMemory의 일부 작업만을 마쳤습니다. (0x12B)
[0709/171613.014:ERROR:process_memory_win.cc(73)] ReadMemory at 0x201136faf70 of 60 bytes failed: ReadProcessMemory 또는 WriteProcessMemory의 일부 작업만을 마쳤습니다. (0x12B)
[0709/171613.014:ERROR:process_memory_win.cc(73)] ReadMemory at 0x201136fb060 of 64 bytes failed: ReadProcessMemory 또는 WriteProcessMemory의 일부 작업만을 마쳤습니다. (0x12B)
[0709/171613.014:ERROR:process_memory_win.cc(73)] ReadMemory at 0x201136fb1f0 of 62 bytes failed: ReadProcessMemory 또는 WriteProcessMemory의 일부 작업만을 마쳤습니다. (0x12B)
[0709/171613.014:ERROR:process_memory_win.cc(73)] ReadMemory at 0x201136fb3c0 of 48 bytes failed: ReadProcessMemory 또는 WriteProcessMemory의 일부 작업만을 마쳤습니다. (0x12B)
[0709/171613.014:ERROR:process_memory_win.cc(73)] ReadMemory at 0x201136fb450 of 132 bytes failed: ReadProcessMemory 또는 WriteProcessMemory의 일부 작업만을 마쳤습니다. (0x12B)
[0709/171613.015:ERROR:process_memory_win.cc(73)] ReadMemory at 0x201136fb580 of 132 bytes failed: ReadProcessMemory 또는 WriteProcessMemory의 일부 작업만을 마쳤습니다. (0x12B)
[0709/171613.015:ERROR:process_memory_win.cc(73)] ReadMemory at 0x201136fb6b0 of 132 bytes failed: ReadProcessMemory 또는 WriteProcessMemory의 일부 작업만을 마쳤습니다. (0x12B)
[0709/171613.015:ERROR:process_memory_win.cc(73)] ReadMemory at 0x201136fb910 of 132 bytes failed: ReadProcessMemory 또는 WriteProcessMemory의 일부 작업만을 마쳤습니다. (0x12B)
[0709/171613.015:ERROR:process_memory_win.cc(73)] ReadMemory at 0x201136fba40 of 132 bytes failed: ReadProcessMemory 또는 WriteProcessMemory의 일부 작업만을 마쳤습니다. (0x12B)
[0709/171613.015:ERROR:process_memory_win.cc(73)] ReadMemory at 0x201136fbb70 of 132 bytes failed: ReadProcessMemory 또는 WriteProcessMemory의 일부 작업만을 마쳤습니다. (0x12B)
[0709/171613.015:ERROR:process_memory_win.cc(73)] ReadMemory at 0x201136fbca0 of 132 bytes failed: ReadProcessMemory 또는 WriteProcessMemory의 일부 작업만을 마쳤습니다. (0x12B)
[0709/171613.015:ERROR:process_memory_win.cc(73)] ReadMemory at 0x201136fbdd0 of 132 bytes failed: ReadProcessMemory 또는 WriteProcessMemory의 일부 작업만을 마쳤습니다. (0x12B)
[0709/171613.015:ERROR:process_memory_win.cc(73)] ReadMemory at 0x201136fbf00 of 132 bytes failed: ReadProcessMemory 또는 WriteProcessMemory의 일부 작업만을 마쳤습니다. (0x12B)
[0709/171613.016:ERROR:process_memory_win.cc(73)] ReadMemory at 0x201136fc030 of 132 bytes failed: ReadProcessMemory 또는 WriteProcessMemory의 일부 작업만을 마쳤습니다. (0x12B)
[0709/171613.016:ERROR:process_memory_win.cc(73)] ReadMemory at 0x201136fc160 of 132 bytes failed: ReadProcessMemory 또는 WriteProcessMemory의 일부 작업만을 마쳤습니다. (0x12B)
[0709/171613.016:ERROR:process_memory_win.cc(73)] ReadMemory at 0x201136fc290 of 132 bytes failed: ReadProcessMemory 또는 WriteProcessMemory의 일부 작업만을 마쳤습니다. (0x12B)
[0709/171613.016:ERROR:process_memory_win.cc(73)] ReadMemory at 0x201136feb10 of 132 bytes failed: ReadProcessMemory 또는 WriteProcessMemory의 일부 작업만을 마쳤습니다. (0x12B)
[0709/171613.016:ERROR:process_memory_win.cc(73)] ReadMemory at 0x201136fec40 of 132 bytes failed: ReadProcessMemory 또는 WriteProcessMemory의 일부 작업만을 마쳤습니다. (0x12B)
[0709/171613.016:ERROR:process_memory_win.cc(73)] ReadMemory at 0x201136ff140 of 144 bytes failed: ReadProcessMemory 또는 WriteProcessMemory의 일부 작업만을 마쳤습니다. (0x12B)
[0709/171613.016:ERROR:process_memory_win.cc(73)] ReadMemory at 0x201136ffa90 of 48 bytes failed: ReadProcessMemory 또는 WriteProcessMemory의 일부 작업만을 마쳤습니다. (0x12B)
[0709/171613.016:ERROR:process_memory_win.cc(73)] ReadMemory at 0x201136ffd10 of 54 bytes failed: ReadProcessMemory 또는 WriteProcessMemory의 일부 작업만을 마쳤습니다. (0x12B)
[0709/171613.017:ERROR:process_memory_win.cc(73)] ReadMemory at 0x20113700a10 of 132 bytes failed: ReadProcessMemory 또는 WriteProcessMemory의 일부 작업만을 마쳤습니다. (0x12B)
[0709/171613.017:ERROR:process_memory_win.cc(73)] ReadMemory at 0x20113700d60 of 132 bytes failed: ReadProcessMemory 또는 WriteProcessMemory의 일부 작업만을 마쳤습니다. (0x12B)
[0709/171613.017:ERROR:process_memory_win.cc(73)] ReadMemory at 0x20113702780 of 132 bytes failed: ReadProcessMemory 또는 WriteProcessMemory의 일부 작업만을 마쳤습니다. (0x12B)
[0709/171613.017:ERROR:process_memory_win.cc(73)] ReadMemory at 0x20113704600 of 62 bytes failed: ReadProcessMemory 또는 WriteProcessMemory의 일부 작업만을 마쳤습니다. (0x12B)
[0709/171613.017:ERROR:process_memory_win.cc(73)] ReadMemory at 0x201137046f0 of 62 bytes failed: ReadProcessMemory 또는 WriteProcessMemory의 일부 작업만을 마쳤습니다. (0x12B)
[0709/171613.017:ERROR:process_memory_win.cc(73)] ReadMemory at 0x201137047e0 of 64 bytes failed: ReadProcessMemory 또는 WriteProcessMemory의 일부 작업만을 마쳤습니다. (0x12B)
[0709/171613.017:ERROR:process_memory_win.cc(73)] ReadMemory at 0x20113704a10 of 64 bytes failed: ReadProcessMemory 또는 WriteProcessMemory의 일부 작업만을 마쳤습니다. (0x12B)
[0709/171613.017:ERROR:process_memory_win.cc(73)] ReadMemory at 0x20113704a60 of 62 bytes failed: ReadProcessMemory 또는 WriteProcessMemory의 일부 작업만을 마쳤습니다. (0x12B)
[0709/171613.017:ERROR:process_memory_win.cc(73)] ReadMemory at 0x20113704ab0 of 64 bytes failed: ReadProcessMemory 또는 WriteProcessMemory의 일부 작업만을 마쳤습니다. (0x12B)
[0709/171613.017:ERROR:process_memory_win.cc(73)] ReadMemory at 0x20113704b50 of 66 bytes failed: ReadProcessMemory 또는 WriteProcessMemory의 일부 작업만을 마쳤습니다. (0x12B)
[0709/171613.017:ERROR:process_memory_win.cc(73)] ReadMemory at 0x20113704bf0 of 62 bytes failed: ReadProcessMemory 또는 WriteProcessMemory의 일부 작업만을 마쳤습니다. (0x12B)
[0709/171613.018:ERROR:process_memory_win.cc(73)] ReadMemory at 0x20113704ce0 of 62 bytes failed: ReadProcessMemory 또는 WriteProcessMemory의 일부 작업만을 마쳤습니다. (0x12B)
[0709/171613.018:ERROR:process_memory_win.cc(73)] ReadMemory at 0x20113704d30 of 60 bytes failed: ReadProcessMemory 또는 WriteProcessMemory의 일부 작업만을 마쳤습니다. (0x12B)
[0709/171613.018:ERROR:process_memory_win.cc(73)] ReadMemory at 0x20113704e20 of 62 bytes failed: ReadProcessMemory 또는 WriteProcessMemory의 일부 작업만을 마쳤습니다. (0x12B)
[0709/171613.018:ERROR:process_memory_win.cc(73)] ReadMemory at 0x20113704e70 of 64 bytes failed: ReadProcessMemory 또는 WriteProcessMemory의 일부 작업만을 마쳤습니다. (0x12B)
[0709/171613.018:ERROR:process_memory_win.cc(73)] ReadMemory at 0x20113704ec0 of 62 bytes failed: ReadProcessMemory 또는 WriteProcessMemory의 일부 작업만을 마쳤습니다. (0x12B)
[0709/171613.019:ERROR:process_memory_win.cc(73)] ReadMemory at 0x20113704f10 of 60 bytes failed: ReadProcessMemory 또는 WriteProcessMemory의 일부 작업만을 마쳤습니다. (0x12B)
[0709/171613.019:ERROR:process_memory_win.cc(73)] ReadMemory at 0x20113704f60 of 58 bytes failed: ReadProcessMemory 또는 WriteProcessMemory의 일부 작업만을 마쳤습니다. (0x12B)
[0709/171613.019:ERROR:process_memory_win.cc(73)] ReadMemory at 0x20113704fb0 of 64 bytes failed: ReadProcessMemory 또는 WriteProcessMemory의 일부 작업만을 마쳤습니다. (0x12B)
[0709/171613.019:ERROR:process_memory_win.cc(73)] ReadMemory at 0x20113705140 of 60 bytes failed: ReadProcessMemory 또는 WriteProcessMemory의 일부 작업만을 마쳤습니다. (0x12B)
[0709/171613.019:ERROR:process_memory_win.cc(73)] ReadMemory at 0x20113705190 of 62 bytes failed: ReadProcessMemory 또는 WriteProcessMemory의 일부 작업만을 마쳤습니다. (0x12B)
[0709/171613.020:ERROR:process_memory_win.cc(73)] ReadMemory at 0x201137053c0 of 62 bytes failed: ReadProcessMemory 또는 WriteProcessMemory의 일부 작업만을 마쳤습니다. (0x12B)
[0709/171613.020:ERROR:process_memory_win.cc(73)] ReadMemory at 0x20113705410 of 60 bytes failed: ReadProcessMemory 또는 WriteProcessMemory의 일부 작업만을 마쳤습니다. (0x12B)
[0709/171613.020:ERROR:process_memory_win.cc(73)] ReadMemory at 0x201137057d0 of 76 bytes failed: ReadProcessMemory 또는 WriteProcessMemory의 일부 작업만을 마쳤습니다. (0x12B)
[0709/171613.020:ERROR:process_memory_win.cc(73)] ReadMemory at 0x20113705e90 of 80 bytes failed: ReadProcessMemory 또는 WriteProcessMemory의 일부 작업만을 마쳤습니다. (0x12B)
[0709/171613.020:ERROR:process_memory_win.cc(73)] ReadMemory at 0x20113706bb0 of 512 bytes failed: ReadProcessMemory 또는 WriteProcessMemory의 일부 작업만을 마쳤습니다. (0x12B)
[0709/171613.020:ERROR:process_memory_win.cc(73)] ReadMemory at 0x20113707440 of 132 bytes failed: ReadProcessMemory 또는 WriteProcessMemory의 일부 작업만을 마쳤습니다. (0x12B)
[0709/171613.020:ERROR:process_memory_win.cc(73)] ReadMemory at 0x20113707570 of 132 bytes failed: ReadProcessMemory 또는 WriteProcessMemory의 일부 작업만을 마쳤습니다. (0x12B)
[0709/171613.020:ERROR:process_memory_win.cc(73)] ReadMemory at 0x201137076a0 of 132 bytes failed: ReadProcessMemory 또는 WriteProcessMemory의 일부 작업만을 마쳤습니다. (0x12B)
[0709/171613.021:ERROR:process_memory_win.cc(73)] ReadMemory at 0x20113707a30 of 132 bytes failed: ReadProcessMemory 또는 WriteProcessMemory의 일부 작업만을 마쳤습니다. (0x12B)
[0709/171613.021:ERROR:process_memory_win.cc(73)] ReadMemory at 0x20113707ef0 of 132 bytes failed: ReadProcessMemory 또는 WriteProcessMemory의 일부 작업만을 마쳤습니다. (0x12B)
[0709/171613.021:ERROR:process_memory_win.cc(73)] ReadMemory at 0x20113708610 of 132 bytes failed: ReadProcessMemory 또는 WriteProcessMemory의 일부 작업만을 마쳤습니다. (0x12B)
[0709/171613.021:ERROR:process_memory_win.cc(73)] ReadMemory at 0x20113708740 of 132 bytes failed: ReadProcessMemory 또는 WriteProcessMemory의 일부 작업만을 마쳤습니다. (0x12B)
[0709/171613.021:ERROR:process_memory_win.cc(73)] ReadMemory at 0x20113708870 of 132 bytes failed: ReadProcessMemory 또는 WriteProcessMemory의 일부 작업만을 마쳤습니다. (0x12B)
[0709/171613.021:ERROR:process_memory_win.cc(73)] ReadMemory at 0x201137089a0 of 132 bytes failed: ReadProcessMemory 또는 WriteProcessMemory의 일부 작업만을 마쳤습니다. (0x12B)
[0709/171613.021:ERROR:process_memory_win.cc(73)] ReadMemory at 0x20113714f10 of 40 bytes failed: ReadProcessMemory 또는 WriteProcessMemory의 일부 작업만을 마쳤습니다. (0x12B)
[0709/171613.021:ERROR:process_memory_win.cc(73)] ReadMemory at 0x2011371a6b0 of 48 bytes failed: ReadProcessMemory 또는 WriteProcessMemory의 일부 작업만을 마쳤습니다. (0x12B)
[0709/171613.021:ERROR:process_memory_win.cc(73)] ReadMemory at 0x2011371b1b0 of 48 bytes failed: ReadProcessMemory 또는 WriteProcessMemory의 일부 작업만을 마쳤습니다. (0x12B)
[0709/171613.021:ERROR:process_memory_win.cc(73)] ReadMemory at 0x2011371f140 of 40 bytes failed: ReadProcessMemory 또는 WriteProcessMemory의 일부 작업만을 마쳤습니다. (0x12B)
[0709/171613.022:ERROR:process_memory_win.cc(73)] ReadMemory at 0x201138c02c0 of 40 bytes failed: ReadProcessMemory 또는 WriteProcessMemory의 일부 작업만을 마쳤습니다. (0x12B)
[0709/171613.022:ERROR:process_memory_win.cc(73)] ReadMemory at 0x201139502c0 of 40 bytes failed: ReadProcessMemory 또는 WriteProcessMemory의 일부 작업만을 마쳤습니다. (0x12B)
[0709/171613.022:ERROR:process_memory_win.cc(73)] ReadMemory at 0x20113d202c0 of 40 bytes failed: ReadProcessMemory 또는 WriteProcessMemory의 일부 작업만을 마쳤습니다. (0x12B)
[0709/171613.022:ERROR:process_memory_win.cc(73)] ReadMemory at 0x20113d302c0 of 40 bytes failed: ReadProcessMemory 또는 WriteProcessMemory의 일부 작업만을 마쳤습니다. (0x12B)
[0709/171613.022:ERROR:process_memory_win.cc(73)] ReadMemory at 0x20113d40d00 of 512 bytes failed: ReadProcessMemory 또는 WriteProcessMemory의 일부 작업만을 마쳤습니다. (0x12B)
[0709/171613.022:ERROR:process_memory_win.cc(73)] ReadMemory at 0x20113d413c0 of 512 bytes failed: ReadProcessMemory 또는 WriteProcessMemory의 일부 작업만을 마쳤습니다. (0x12B)
[0709/171613.023:ERROR:process_memory_win.cc(73)] ReadMemory at 0x20113d42380 of 512 bytes failed: ReadProcessMemory 또는 WriteProcessMemory의 일부 작업만을 마쳤습니다. (0x12B)
[0709/171613.023:ERROR:process_memory_win.cc(73)] ReadMemory at 0x20113d47000 of 512 bytes failed: ReadProcessMemory 또는 WriteProcessMemory의 일부 작업만을 마쳤습니다. (0x12B)
[0709/171613.023:ERROR:process_memory_win.cc(73)] ReadMemory at 0x20113d48e00 of 512 bytes failed: ReadProcessMemory 또는 WriteProcessMemory의 일부 작업만을 마쳤습니다. (0x12B)
[0709/171613.023:ERROR:process_memory_win.cc(73)] ReadMemory at 0x20113e402c0 of 40 bytes failed: ReadProcessMemory 또는 WriteProcessMemory의 일부 작업만을 마쳤습니다. (0x12B)
[0709/171613.023:ERROR:process_memory_win.cc(73)] ReadMemory at 0x20113e6d668 of 512 bytes failed: ReadProcessMemory 또는 WriteProcessMemory의 일부 작업만을 마쳤습니다. (0x12B)
[0709/171613.024:ERROR:process_memory_win.cc(73)] ReadMemory at 0x20113e88a00 of 512 bytes failed: ReadProcessMemory 또는 WriteProcessMemory의 일부 작업만을 마쳤습니다. (0x12B)
[0709/171613.024:ERROR:process_memory_win.cc(73)] ReadMemory at 0x20113ea82b0 of 712 bytes failed: ReadProcessMemory 또는 WriteProcessMemory의 일부 작업만을 마쳤습니다. (0x12B)
[0709/171613.024:ERROR:process_memory_win.cc(73)] ReadMemory at 0x20113ef5fd8 of 512 bytes failed: ReadProcessMemory 또는 WriteProcessMemory의 일부 작업만을 마쳤습니다. (0x12B)
[0709/171613.024:ERROR:process_memory_win.cc(73)] ReadMemory at 0x20113ef63c8 of 512 bytes failed: ReadProcessMemory 또는 WriteProcessMemory의 일부 작업만을 마쳤습니다. (0x12B)
[0709/171613.025:ERROR:process_memory_win.cc(73)] ReadMemory at 0x20113ef6698 of 800 bytes failed: ReadProcessMemory 또는 WriteProcessMemory의 일부 작업만을 마쳤습니다. (0x12B)
[0709/171613.025:ERROR:process_memory_win.cc(73)] ReadMemory at 0x20113ef6d20 of 512 bytes failed: ReadProcessMemory 또는 WriteProcessMemory의 일부 작업만을 마쳤습니다. (0x12B)
[0709/171613.025:ERROR:process_memory_win.cc(73)] ReadMemory at 0x20113ef70b8 of 512 bytes failed: ReadProcessMemory 또는 WriteProcessMemory의 일부 작업만을 마쳤습니다. (0x12B)
[0709/171613.025:ERROR:process_memory_win.cc(73)] ReadMemory at 0x201158822b0 of 512 bytes failed: ReadProcessMemory 또는 WriteProcessMemory의 일부 작업만을 마쳤습니다. (0x12B)
[0709/171613.026:ERROR:process_memory_win.cc(73)] ReadMemory at 0x201158cbe28 of 512 bytes failed: ReadProcessMemory 또는 WriteProcessMemory의 일부 작업만을 마쳤습니다. (0x12B)
[0709/171613.026:ERROR:process_memory_win.cc(73)] ReadMemory at 0x201159b0aa0 of 512 bytes failed: ReadProcessMemory 또는 WriteProcessMemory의 일부 작업만을 마쳤습니다. (0x12B)
[0709/171613.026:ERROR:process_memory_win.cc(73)] ReadMemory at 0x20115e16370 of 512 bytes failed: ReadProcessMemory 또는 WriteProcessMemory의 일부 작업만을 마쳤습니다. (0x12B)
[0709/171613.026:ERROR:process_memory_win.cc(73)] ReadMemory at 0x20115fcd740 of 512 bytes failed: ReadProcessMemory 또는 WriteProcessMemory의 일부 작업만을 마쳤습니다. (0x12B)
[0709/171613.027:ERROR:process_memory_win.cc(73)] ReadMemory at 0x201186e8d81 of 512 bytes failed: ReadProcessMemory 또는 WriteProcessMemory의 일부 작업만을 마쳤습니다. (0x12B)
[0709/171613.027:ERROR:process_memory_win.cc(73)] ReadMemory at 0x201189a5360 of 512 bytes failed: ReadProcessMemory 또는 WriteProcessMemory의 일부 작업만을 마쳤습니다. (0x12B)
[0709/171613.027:ERROR:process_memory_win.cc(73)] ReadMemory at 0x7fff51010980 of 512 bytes failed: ReadProcessMemory 또는 WriteProcessMemory의 일부 작업만을 마쳤습니다. (0x12B)
[0709/171613.027:ERROR:process_memory_win.cc(73)] ReadMemory at 0x7fff9c092f40 of 40 bytes failed: ReadProcessMemory 또는 WriteProcessMemory의 일부 작업만을 마쳤습니다. (0x12B)
[0709/171613.027:ERROR:process_memory_win.cc(73)] ReadMemory at 0x7fffb5718cb0 of 40 bytes failed: ReadProcessMemory 또는 WriteProcessMemory의 일부 작업만을 마쳤습니다. (0x12B)
[0709/171613.027:ERROR:process_memory_win.cc(73)] ReadMemory at 0x7fffb593a719 of 512 bytes failed: ReadProcessMemory 또는 WriteProcessMemory의 일부 작업만을 마쳤습니다. (0x12B)
[0709/171613.028:ERROR:process_memory_win.cc(73)] ReadMemory at 0x7fffb5b6c6e0 of 512 bytes failed: ReadProcessMemory 또는 WriteProcessMemory의 일부 작업만을 마쳤습니다. (0x12B)
[0709/171613.028:ERROR:process_memory_win.cc(73)] ReadMemory at 0x7fffb7da6550 of 512 bytes failed: ReadProcessMemory 또는 WriteProcessMemory의 일부 작업만을 마쳤습니다. (0x12B)
[0709/171613.029:ERROR:process_memory_win.cc(73)] ReadMemory at 0x7fffb89dc074 of 672 bytes failed: ReadProcessMemory 또는 WriteProcessMemory의 일부 작업만을 마쳤습니다. (0x12B)
[0709/171613.029:ERROR:process_memory_win.cc(73)] ReadMemory at 0x7fffb89dc674 of 512 bytes failed: ReadProcessMemory 또는 WriteProcessMemory의 일부 작업만을 마쳤습니다. (0x12B)
[0709/171613.029:ERROR:process_memory_win.cc(73)] ReadMemory at 0x7fffb89df924 of 608 bytes failed: ReadProcessMemory 또는 WriteProcessMemory의 일부 작업만을 마쳤습니다. (0x12B)
[0709/171613.029:ERROR:process_memory_win.cc(73)] ReadMemory at 0x7fffb8a6c428 of 18 bytes failed: ReadProcessMemory 또는 WriteProcessMemory의 일부 작업만을 마쳤습니다. (0x12B)
[0709/171613.029:ERROR:process_memory_win.cc(73)] ReadMemory at 0x7fffb8a9f4f8 of 40 bytes failed: ReadProcessMemory 또는 WriteProcessMemory의 일부 작업만을 마쳤습니다. (0x12B)
[0709/171613.029:ERROR:process_memory_win.cc(73)] ReadMemory at 0x7fffb8a9f560 of 48 bytes failed: ReadProcessMemory 또는 WriteProcessMemory의 일부 작업만을 마쳤습니다. (0x12B)
[0709/171613.029:ERROR:process_memory_win.cc(73)] ReadMemory at 0x7fffb8a9f978 of 48 bytes failed: ReadProcessMemory 또는 WriteProcessMemory의 일부 작업만을 마쳤습니다. (0x12B)
[0709/171613.029:ERROR:process_memory_win.cc(73)] ReadMemory at 0x7fffb8aa3be0 of 40 bytes failed: ReadProcessMemory 또는 WriteProcessMemory의 일부 작업만을 마쳤습니다. (0x12B)
[0709/171613.029:ERROR:process_memory_win.cc(73)] ReadMemory at 0x7fffb8aa3d40 of 384 bytes failed: ReadProcessMemory 또는 WriteProcessMemory의 일부 작업만을 마쳤습니다. (0x12B)
[0709/171613.029:ERROR:process_memory_win.cc(73)] ReadMemory at 0x7fffb8aa53c0 of 64 bytes failed: ReadProcessMemory 또는 WriteProcessMemory의 일부 작업만을 마쳤습니다. (0x12B)
[0709/171613.031:ERROR:scoped_process_suspend.cc(40)] NtResumeProcess: 기존 프로세스에 액세스하려고 했습니다. (0xc000010a)
